
ROM used:   2832/16384 (9%)
            2832/16384 (9%) including unused fragments

            2.1 Average locations per line
            19.1 Average locations per statement

RAM used:   13/2048 (1%) at main() level
            47/2048 (2%) worst case

Stack used: 0 worst case (0 in main + 0 for interrupts)
Stack size: 31

Lines Stmts  %   Files
----- ----- ---  -----
   91    48  32  laptop_cooler.c
   12     0   0  laptop_cooler.h
  821     0   0  ..\..\..\..\..\..\..\..\..\..\Program Files (x86)\PICC\Devices\18F4550.h
  456   100  68  ..\..\..\..\..\..\..\..\..\..\Program Files (x86)\PICC\Drivers\lcd.c
----- -----
 1380   148 Total

Page ROM  %  RAM   Vol Diff  Functions:
---- --- --- ---   --- ----  ----------
0     38   1    1             @delay_ms1
0     20   0    0   624  3.9  @const641
0     78   1    3   760  4.5  lcd_read_byte
0     82   1    2   262  3.7  lcd_read_nibble
0     72   1    1   399  2.4  lcd_send_nibble
0     70   1    3   415  3.7  lcd_send_byte
0    110   2    2   704  5.0  lcd_init
0     34   1    4   208  6.3  lcd_gotoxy
0     80   1    1   354  4.7  lcd_putc
0     18   0    1    65  2.3  Buton_Say
0    468   8    4   496  5.7  Sicaklik_Degeri
0     56   1    2   272  5.5  @ITOF
0    346   6   14   351  7.0  @DIVFF
0    242   4   11   371  8.2  @MULFF
0     28   0    0   231  6.6  @const687
0     30   1    3   231  6.6  @PSTRINGCN_660
0     40   1    3   624  3.9  @DIV88
0    172   3    6   370  6.7  @PRINTF_D_660
0     64   1    5   266  6.5  @FTOSD
0    142   3   13   153  4.7  @DIV3232
0    378   7   13   315  6.5  @PRINTF_L32D_660FPFPF
0    118   2   10   570  3.8  @FLT
0    142   3    0   570  3.8  MAIN
 Inline         0   714  4.3  @cinit1

Program metrics:
    Functions               23
    Statements              148
    Comments                254
    Volume (V)              16834
    Difficulty (D)          116.5
    Effort to implement (E) 1961727
    Time to implement (T)   30 hours, 16 minutes
    Est Delivered Bugs (B)  5
    Cyclomatic Complexity   54
    Maintainability (MI)    61

 Segment     Used  Free
-----------  ----  ----
00000-00002     4  0  
00004-07FFE  2828  29936  



